{
  "stats": {
    "suites": 7,
    "tests": 4,
    "passes": 2,
    "pending": 0,
    "failures": 2,
    "start": "2023-01-26T03:05:59.984Z",
    "end": "2023-01-26T03:06:01.767Z",
    "duration": 1783,
    "testsRegistered": 4,
    "passPercent": 50,
    "pendingPercent": 0,
    "other": 0,
    "hasOther": false,
    "skipped": 0,
    "hasSkipped": false
  },
  "results": [
    {
      "uuid": "ce7358e9-cb3c-426e-8066-1e7dcba20b0e",
      "title": "",
      "fullFile": "",
      "file": "",
      "beforeHooks": [],
      "afterHooks": [],
      "tests": [],
      "suites": [
        {
          "uuid": "dbdbf155-804a-4b8f-b114-87af974f9033",
          "title": "Test Base de datos",
          "fullFile": "/home/jocs/coderHouse/clase42/src/test/bd.test.js",
          "file": "/src/test/bd.test.js",
          "beforeHooks": [],
          "afterHooks": [],
          "tests": [],
          "suites": [
            {
              "uuid": "fcdcb438-d946-418d-9f6b-2e8e82171c62",
              "title": "Clase Productos.getById",
              "fullFile": "/home/jocs/coderHouse/clase42/src/test/bd.test.js",
              "file": "/src/test/bd.test.js",
              "beforeHooks": [],
              "afterHooks": [],
              "tests": [
                {
                  "title": "Deberia listar un producto por id",
                  "fullTitle": "Test Base de datos Clase Productos.getById Deberia listar un producto por id",
                  "timedOut": false,
                  "duration": 1623,
                  "state": "passed",
                  "speed": "slow",
                  "pass": true,
                  "fail": false,
                  "pending": false,
                  "context": null,
                  "code": "const product = {\n    _id: \"a4fcf0bdcdfc86bf0dc4d986\",\n    nombre: \"Computadora\",\n    descripcion: \"The beautiful range of Apple Naturalé that has an exciting mix of natural ingredients. With the Goodness of 100% Natural Ingredients\",\n    codigo: 1640,\n    url: \"https://loremflickr.com/1234/2345/Computadora?lock=41586\",\n    precio: 656,\n    stock: 40,\n    timestamp: \"2022-11-17T00:53:25.383Z\",\n    __v: 0\n  }\n const vl= await articulos.getById(\"a4fcf0bdcdfc86bf0dc4d986\",1)\n\n \n  assert.strictEqual(product,product)",
                  "err": {},
                  "uuid": "c1593408-0df5-4b25-bd87-6c96a9a5a02e",
                  "parentUUID": "fcdcb438-d946-418d-9f6b-2e8e82171c62",
                  "isHook": false,
                  "skipped": false
                }
              ],
              "suites": [],
              "passes": [
                "c1593408-0df5-4b25-bd87-6c96a9a5a02e"
              ],
              "failures": [],
              "pending": [],
              "skipped": [],
              "duration": 1623,
              "root": false,
              "rootEmpty": false,
              "_timeout": 2000
            },
            {
              "uuid": "d8ab6099-3aea-4626-bfb4-ad1e1ec95135",
              "title": "DtoProducto",
              "fullFile": "/home/jocs/coderHouse/clase42/src/test/bd.test.js",
              "file": "/src/test/bd.test.js",
              "beforeHooks": [],
              "afterHooks": [],
              "tests": [
                {
                  "title": "Filtra  un producto por id en un objeto",
                  "fullTitle": "Test Base de datos DtoProducto Filtra  un producto por id en un objeto",
                  "timedOut": false,
                  "duration": 68,
                  "state": "failed",
                  "speed": null,
                  "pass": false,
                  "fail": true,
                  "pending": false,
                  "context": null,
                  "code": "const productResult = {\n    \n    id: \"a4fcf0bdcdfc86bf0dc4d986\",\n    nombre: \"Computadora\",\n    descripcion: \"The beautiful range of Apple Naturalé that has an exciting mix of natural ingredients. With the Goodness of 100% Natural Ingredients\",\n    codigo: 1640,\n    url: \"https://loremflickr.com/1234/2345/Computadora?lock=41586\",\n    precio: 656,\n    stock: 40,\n    timestamp: \"2022-11-17T00:53:25.383Z\",\n   \n  }\n  const product = {\n    _id: \"a4fcf0bdcdfc86bf0dc4d986\",\n    nombre: \"Computadora\",\n    descripcion: \"The beautiful range of Apple Naturalé that has an exciting mix of natural ingredients. With the Goodness of 100% Natural Ingredients\",\n    codigo: 1640,\n    url: \"https://loremflickr.com/1234/2345/Computadora?lock=41586\",\n    precio: 656,\n    stock: 40,\n    timestamp: \"2022-11-17T00:53:25.383Z\",\n    __v: 0\n  }\n const vl= await articulos.getById(\"a4fcf0bdcdfc86bf0dc4d986\")\n \n\n \n  assert.strictEqual(new DtoProducto(vl).getProduct(),productResult)",
                  "err": {
                    "message": "AssertionError: Expected \"actual\" to be reference-equal to \"expected\":\n+ actual - expected ... Lines skipped\n\n  {\n    codigo: 1640,\n...\n    precio: 656,\n    stock: 40,\n-   timestamp: '2022-11-17T00:53:25.383Z',\n    url: 'https://loremflickr.com/1234/2345/Computadora?lock=41586'\n  }",
                    "estack": "AssertionError [ERR_ASSERTION]: Expected \"actual\" to be reference-equal to \"expected\":\n+ actual - expected ... Lines skipped\n\n  {\n    codigo: 1640,\n...\n    precio: 656,\n    stock: 40,\n-   timestamp: '2022-11-17T00:53:25.383Z',\n    url: 'https://loremflickr.com/1234/2345/Computadora?lock=41586'\n  }\n    at Context.<anonymous> (file:///home/jocs/coderHouse/clase42/src/test/bd.test.js:65:22)\n    at process.processTicksAndRejections (node:internal/process/task_queues:95:5)",
                    "diff": "   \"id\": \"a4fcf0bdcdfc86bf0dc4d986\"\n   \"nombre\": \"Computadora\"\n   \"precio\": 656\n   \"stock\": 40\n+   \"timestamp\": \"2022-11-17T00:53:25.383Z\"\n   \"url\": \"https://loremflickr.com/1234/2345/Computadora?lock=41586\"\n }\n"
                  },
                  "uuid": "32719b64-97f3-4c8f-8e10-a2f2013feee7",
                  "parentUUID": "d8ab6099-3aea-4626-bfb4-ad1e1ec95135",
                  "isHook": false,
                  "skipped": false
                }
              ],
              "suites": [],
              "passes": [],
              "failures": [
                "32719b64-97f3-4c8f-8e10-a2f2013feee7"
              ],
              "pending": [],
              "skipped": [],
              "duration": 68,
              "root": false,
              "rootEmpty": false,
              "_timeout": 2000
            }
          ],
          "passes": [],
          "failures": [],
          "pending": [],
          "skipped": [],
          "duration": 0,
          "root": false,
          "rootEmpty": false,
          "_timeout": 2000
        },
        {
          "uuid": "29c71715-cbfa-4606-bd78-2d2ab16fcedb",
          "title": "Test Router /api/productos/",
          "fullFile": "/home/jocs/coderHouse/clase42/src/test/productos.router.test.js",
          "file": "/src/test/productos.router.test.js",
          "beforeHooks": [],
          "afterHooks": [],
          "tests": [],
          "suites": [
            {
              "uuid": "e37f56e6-b1fc-4661-879b-058684ebf2ac",
              "title": "GET /api/productos/:id",
              "fullFile": "/home/jocs/coderHouse/clase42/src/test/productos.router.test.js",
              "file": "/src/test/productos.router.test.js",
              "beforeHooks": [],
              "afterHooks": [],
              "tests": [
                {
                  "title": "debería responder con un código de estado 200 para la ruta /",
                  "fullTitle": "Test Router /api/productos/ GET /api/productos/:id debería responder con un código de estado 200 para la ruta /",
                  "timedOut": false,
                  "duration": 84,
                  "state": "failed",
                  "speed": null,
                  "pass": false,
                  "fail": true,
                  "pending": false,
                  "context": null,
                  "code": "request(app)\n  .get(\"/api/productos/a4fcf0bdcdfc86bf0dc4d986\")\n  .expect(200)\n  .end((err, res) => {\n    res.body.should.be.a(\"object\");\n    res.body.should.equal(product);\n    if (err) done(err);\n    done();\n  });",
                  "err": {
                    "message": "AssertionError: expected { articulo: { …(9) } } to equal { articulo: { …(9) } }",
                    "estack": "AssertionError: expected { articulo: { …(9) } } to equal { articulo: { …(9) } }\n    at Test.<anonymous> (file:///home/jocs/coderHouse/clase42/src/test/productos.router.test.js:38:27)\n    at Test.assert (node_modules/supertest/lib/test.js:172:8)\n    at Server.localAssert (node_modules/supertest/lib/test.js:120:14)\n    at Object.onceWrapper (node:events:627:28)\n    at Server.emit (node:events:513:28)\n    at emitCloseNT (node:net:2133:8)\n    at process.processTicksAndRejections (node:internal/process/task_queues:81:21)",
                    "diff": ""
                  },
                  "uuid": "4d684eb4-8caa-47c5-b244-36359c4d631f",
                  "parentUUID": "e37f56e6-b1fc-4661-879b-058684ebf2ac",
                  "isHook": false,
                  "skipped": false
                }
              ],
              "suites": [],
              "passes": [],
              "failures": [
                "4d684eb4-8caa-47c5-b244-36359c4d631f"
              ],
              "pending": [],
              "skipped": [],
              "duration": 84,
              "root": false,
              "rootEmpty": false,
              "_timeout": 2000
            }
          ],
          "passes": [],
          "failures": [],
          "pending": [],
          "skipped": [],
          "duration": 0,
          "root": false,
          "rootEmpty": false,
          "_timeout": 2000
        },
        {
          "uuid": "a1942b28-ff7e-4028-95db-0f6809c9aee5",
          "title": "Test Router /api/user/",
          "fullFile": "/home/jocs/coderHouse/clase42/src/test/user.router.test.js",
          "file": "/src/test/user.router.test.js",
          "beforeHooks": [],
          "afterHooks": [],
          "tests": [],
          "suites": [
            {
              "uuid": "d06d6246-1d36-42f3-91a5-e409d0f75ee3",
              "title": "POST /api/user/",
              "fullFile": "/home/jocs/coderHouse/clase42/src/test/user.router.test.js",
              "file": "/src/test/user.router.test.js",
              "beforeHooks": [],
              "afterHooks": [],
              "tests": [
                {
                  "title": "Agregando usuario",
                  "fullTitle": "Test Router /api/user/ POST /api/user/ Agregando usuario",
                  "timedOut": false,
                  "duration": 1,
                  "state": "passed",
                  "speed": "fast",
                  "pass": true,
                  "fail": false,
                  "pending": false,
                  "context": null,
                  "code": "request(app)\n  .post('/api/user/')\n  .send({\n   \n    nombre: \"joc\",\n    email: \"joc@uncorreo.com\",\n    direccion: \"av mexico centra\",\n    edad: \"35\",\n    phone: \"5541362547\",\n    password: \"12345\",\n    role: \"admin\",\n    urlImg: \"/home/jocs/coderHouse/CHDesafioFinal3/src/controller/../file/minion.jpg\",\n    timestamp: \"2023-01-07T20:58:12.188Z\",\n    \n  })\n  .expect(200)\n  .end((err,res)=>{\n    res.body.should.be.a('object');\n    res.body.should.equal({ acceso: \"usuario creado\" });\n   \nif (err) done(err);\ndone();\n   \n  })",
                  "err": {},
                  "uuid": "879217ba-f0ed-4dd6-a1d3-04bc94a55c75",
                  "parentUUID": "d06d6246-1d36-42f3-91a5-e409d0f75ee3",
                  "isHook": false,
                  "skipped": false
                }
              ],
              "suites": [],
              "passes": [
                "879217ba-f0ed-4dd6-a1d3-04bc94a55c75"
              ],
              "failures": [],
              "pending": [],
              "skipped": [],
              "duration": 1,
              "root": false,
              "rootEmpty": false,
              "_timeout": 2000
            }
          ],
          "passes": [],
          "failures": [],
          "pending": [],
          "skipped": [],
          "duration": 0,
          "root": false,
          "rootEmpty": false,
          "_timeout": 2000
        }
      ],
      "passes": [],
      "failures": [],
      "pending": [],
      "skipped": [],
      "duration": 0,
      "root": true,
      "rootEmpty": true,
      "_timeout": 2000
    }
  ],
  "meta": {
    "mocha": {
      "version": "10.2.0"
    },
    "mochawesome": {
      "options": {
        "quiet": false,
        "reportFilename": "mochawesome",
        "saveHtml": true,
        "saveJson": true,
        "consoleReporter": "spec",
        "useInlineDiffs": false,
        "code": true
      },
      "version": "7.1.3"
    },
    "marge": {
      "options": null,
      "version": "6.2.0"
    }
  }
}